<?xml version="1.0" encoding="UTF-8"?>
<!-- Generated by org.testng.reporters.JUnitReportReporter -->
<testsuite hostname="DESKTOP-0U21AHI" failures="0" tests="1" name="testngExamples.Exp_WB_testng" time="5.702" errors="0" timestamp="23 Feb 2023 15:42:51 GMT">
  <testcase classname="testngExamples.Exp_WB_testng" name="tc001" time="5.702"/>
</testsuite> <!-- testngExamples.Exp_WB_testng -->
