<?xml version="1.0" encoding="UTF-8"?>
<!-- Generated by org.testng.reporters.JUnitReportReporter -->
<testsuite hostname="DESKTOP-0U21AHI" failures="0" tests="1" name="testngExamples.Exp_Excel_WD_TestNG" time="9.082" errors="0" timestamp="1 Mar 2023 04:18:14 GMT">
  <testcase classname="testngExamples.Exp_Excel_WD_TestNG" name="tc001" time="9.082"/>
</testsuite> <!-- testngExamples.Exp_Excel_WD_TestNG -->
