<?xml version="1.0" encoding="UTF-8"?>
<!-- Generated by org.testng.reporters.JUnitReportReporter -->
<testsuite hostname="DESKTOP-0U21AHI" failures="0" tests="2" name="testngExamples.Exp_testng" time="0.030" errors="0" timestamp="23 Feb 2023 15:39:06 GMT">
  <testcase classname="testngExamples.Exp_testng" name="login" time="0.026"/>
  <testcase classname="testngExamples.Exp_testng" name="logout" time="0.004"/>
</testsuite> <!-- testngExamples.Exp_testng -->
