<?xml version="1.0" encoding="UTF-8"?>
<!-- Generated by org.testng.reporters.JUnitReportReporter -->
<testsuite hostname="DESKTOP-0U21AHI" failures="0" tests="2" name="testngExamples.testng1" time="0.024" errors="0" timestamp="23 Feb 2023 15:43:32 GMT">
  <testcase classname="testngExamples.testng1" name="DelEmp" time="0.018"/>
  <testcase classname="testngExamples.testng1" name="AddEmp" time="0.006"/>
</testsuite> <!-- testngExamples.testng1 -->
